0 info it worked if it ends with ok
1 verbose cli [ '/usr/local/Cellar/node/0.10.26/bin/node',
1 verbose cli   '/usr/local/bin/npm',
1 verbose cli   'link',
1 verbose cli   'jaded',
1 verbose cli   '../jaded',
1 verbose cli   '--save-dev' ]
2 info using npm@1.4.3
3 info using node@v0.10.26
4 info /Users/kellylsb/src/kellybecker.me/node_modules/jaded unbuild
5 verbose linkPkg /Users/kellylsb/src/jaded
6 info preuninstall jaded@0.1.1
7 info uninstall jaded@0.1.1
8 verbose true,/Users/kellylsb/src/kellybecker.me/node_modules,/Users/kellylsb/src/kellybecker.me/node_modules unbuild jaded@0.1.1
9 verbose /Users/kellylsb/src/kellybecker.me/node_modules/.bin,[object Object] binRoot
10 info postuninstall jaded@0.1.1
11 verbose link symlinking /usr/local/lib/node_modules/jaded to /Users/kellylsb/src/kellybecker.me/node_modules/jaded
12 info build /Users/kellylsb/src/kellybecker.me/node_modules/jaded
13 error Error: ENOENT, open '/Users/kellylsb/src/kellybecker.me/node_modules/jaded/package.json'
14 error If you need help, you may report this *entire* log,
14 error including the npm and node versions, at:
14 error     <http://github.com/npm/npm/issues>
15 error System Darwin 13.1.0
16 error command "/usr/local/Cellar/node/0.10.26/bin/node" "/usr/local/bin/npm" "link" "jaded" "../jaded" "--save-dev"
17 error cwd /Users/kellylsb/src/kellybecker.me
18 error node -v v0.10.26
19 error npm -v 1.4.3
20 error path /Users/kellylsb/src/kellybecker.me/node_modules/jaded/package.json
21 error code ENOENT
22 error errno 34
23 verbose exit [ 34, true ]
